<?xml version="1.0" encoding="UTF-8"?>
<testsuite name="com.easycraft.server.EasyserverApplicationTests" tests="1" skipped="0" failures="0" errors="0" timestamp="2022-12-05T01:05:53" hostname="BEYAZPOLIS" time="0.343">
  <properties/>
  <testcase name="contextLoads()" classname="com.easycraft.server.EasyserverApplicationTests" time="0.343"/>
  <system-out><![CDATA[04:05:50.762 [Test worker] DEBUG org.springframework.test.context.BootstrapUtils - Instantiating CacheAwareContextLoaderDelegate from class [org.springframework.test.context.cache.DefaultCacheAwareContextLoaderDelegate]
04:05:50.771 [Test worker] DEBUG org.springframework.test.context.BootstrapUtils - Instantiating BootstrapContext using constructor [public org.springframework.test.context.support.DefaultBootstrapContext(java.lang.Class,org.springframework.test.context.CacheAwareContextLoaderDelegate)]
04:05:50.796 [Test worker] DEBUG org.springframework.test.context.BootstrapUtils - Instantiating TestContextBootstrapper for test class [com.easycraft.server.EasyserverApplicationTests] from class [org.springframework.boot.test.context.SpringBootTestContextBootstrapper]
04:05:50.804 [Test worker] INFO org.springframework.boot.test.context.SpringBootTestContextBootstrapper - Neither @ContextConfiguration nor @ContextHierarchy found for test class [com.easycraft.server.EasyserverApplicationTests], using SpringBootContextLoader
04:05:50.806 [Test worker] DEBUG org.springframework.test.context.support.AbstractContextLoader - Did not detect default resource location for test class [com.easycraft.server.EasyserverApplicationTests]: class path resource [com/easycraft/server/EasyserverApplicationTests-context.xml] does not exist
04:05:50.807 [Test worker] DEBUG org.springframework.test.context.support.AbstractContextLoader - Did not detect default resource location for test class [com.easycraft.server.EasyserverApplicationTests]: class path resource [com/easycraft/server/EasyserverApplicationTestsContext.groovy] does not exist
04:05:50.807 [Test worker] INFO org.springframework.test.context.support.AbstractContextLoader - Could not detect default resource locations for test class [com.easycraft.server.EasyserverApplicationTests]: no resource found for suffixes {-context.xml, Context.groovy}.
04:05:50.807 [Test worker] INFO org.springframework.test.context.support.AnnotationConfigContextLoaderUtils - Could not detect default configuration classes for test class [com.easycraft.server.EasyserverApplicationTests]: EasyserverApplicationTests does not declare any static, non-private, non-final, nested classes annotated with @Configuration.
04:05:50.837 [Test worker] DEBUG org.springframework.test.context.support.ActiveProfilesUtils - Could not find an 'annotation declaring class' for annotation type [org.springframework.test.context.ActiveProfiles] and class [com.easycraft.server.EasyserverApplicationTests]
04:05:50.884 [Test worker] DEBUG org.springframework.context.annotation.ClassPathScanningCandidateComponentProvider - Identified candidate component class: file [C:\Projeler\server\build\classes\java\main\com\easycraft\server\EasyServer.class]
04:05:50.885 [Test worker] INFO org.springframework.boot.test.context.SpringBootTestContextBootstrapper - Found @SpringBootConfiguration com.easycraft.server.EasyServer for test class com.easycraft.server.EasyserverApplicationTests
04:05:50.960 [Test worker] DEBUG org.springframework.boot.test.context.SpringBootTestContextBootstrapper - @TestExecutionListeners is not present for class [com.easycraft.server.EasyserverApplicationTests]: using defaults.
04:05:50.960 [Test worker] INFO org.springframework.boot.test.context.SpringBootTestContextBootstrapper - Loaded default TestExecutionListener class names from location [META-INF/spring.factories]: [org.springframework.security.test.context.support.WithSecurityContextTestExecutionListener, org.springframework.security.test.context.support.ReactorContextTestExecutionListener, org.springframework.boot.test.autoconfigure.restdocs.RestDocsTestExecutionListener, org.springframework.boot.test.autoconfigure.web.client.MockRestServiceServerResetTestExecutionListener, org.springframework.boot.test.autoconfigure.web.servlet.MockMvcPrintOnlyOnFailureTestExecutionListener, org.springframework.boot.test.autoconfigure.web.servlet.WebDriverTestExecutionListener, org.springframework.boot.test.autoconfigure.webservices.client.MockWebServiceServerTestExecutionListener, org.springframework.boot.test.mock.mockito.MockitoTestExecutionListener, org.springframework.boot.test.mock.mockito.ResetMocksTestExecutionListener, org.springframework.test.context.web.ServletTestExecutionListener, org.springframework.test.context.support.DirtiesContextBeforeModesTestExecutionListener, org.springframework.test.context.event.ApplicationEventsTestExecutionListener, org.springframework.test.context.support.DependencyInjectionTestExecutionListener, org.springframework.test.context.support.DirtiesContextTestExecutionListener, org.springframework.test.context.transaction.TransactionalTestExecutionListener, org.springframework.test.context.jdbc.SqlScriptsTestExecutionListener, org.springframework.test.context.event.EventPublishingTestExecutionListener]
04:05:50.974 [Test worker] INFO org.springframework.boot.test.context.SpringBootTestContextBootstrapper - Using TestExecutionListeners: [org.springframework.test.context.web.ServletTestExecutionListener@7e809b79, org.springframework.test.context.support.DirtiesContextBeforeModesTestExecutionListener@5cc126dc, org.springframework.test.context.event.ApplicationEventsTestExecutionListener@625e134e, org.springframework.boot.test.mock.mockito.MockitoTestExecutionListener@72bd06ca, org.springframework.boot.test.autoconfigure.SpringBootDependencyInjectionTestExecutionListener@89c10b7, org.springframework.test.context.support.DirtiesContextTestExecutionListener@5dbe30be, org.springframework.test.context.transaction.TransactionalTestExecutionListener@4fe89c24, org.springframework.test.context.jdbc.SqlScriptsTestExecutionListener@55795845, org.springframework.security.test.context.support.WithSecurityContextTestExecutionListener@3d08f3f5, org.springframework.test.context.event.EventPublishingTestExecutionListener@119f1f2a, org.springframework.security.test.context.support.ReactorContextTestExecutionListener@1a1da881, org.springframework.boot.test.autoconfigure.restdocs.RestDocsTestExecutionListener@5b970f7, org.springframework.boot.test.autoconfigure.web.client.MockRestServiceServerResetTestExecutionListener@7fd4acee, org.springframework.boot.test.autoconfigure.web.servlet.MockMvcPrintOnlyOnFailureTestExecutionListener@165b8a71, org.springframework.boot.test.autoconfigure.web.servlet.WebDriverTestExecutionListener@6175619b, org.springframework.boot.test.autoconfigure.webservices.client.MockWebServiceServerTestExecutionListener@2f058b8a, org.springframework.boot.test.mock.mockito.ResetMocksTestExecutionListener@756cf158]
04:05:50.976 [Test worker] DEBUG org.springframework.test.context.support.AbstractDirtiesContextTestExecutionListener - Before test class: context [DefaultTestContext@76a36b71 testClass = EasyserverApplicationTests, testInstance = [null], testMethod = [null], testException = [null], mergedContextConfiguration = [WebMergedContextConfiguration@184497d1 testClass = EasyserverApplicationTests, locations = '{}', classes = '{class com.easycraft.server.EasyServer}', contextInitializerClasses = '[]', activeProfiles = '{}', propertySourceLocations = '{}', propertySourceProperties = '{org.springframework.boot.test.context.SpringBootTestContextBootstrapper=true}', contextCustomizers = set[org.springframework.boot.test.autoconfigure.actuate.metrics.MetricsExportContextCustomizerFactory$DisableMetricExportContextCustomizer@16ce702d, org.springframework.boot.test.autoconfigure.properties.PropertyMappingContextCustomizer@0, org.springframework.boot.test.autoconfigure.web.servlet.WebDriverContextCustomizerFactory$Customizer@403f0a22, org.springframework.boot.test.context.filter.ExcludeFilterContextCustomizer@77825085, org.springframework.boot.test.json.DuplicateJsonObjectContextCustomizerFactory$DuplicateJsonObjectContextCustomizer@294a6b8e, org.springframework.boot.test.mock.mockito.MockitoContextCustomizer@0, org.springframework.boot.test.web.client.TestRestTemplateContextCustomizer@66ac5762, org.springframework.boot.test.context.SpringBootTestArgs@1, org.springframework.boot.test.context.SpringBootTestWebEnvironment@5403f35f], resourceBasePath = 'src/main/webapp', contextLoader = 'org.springframework.boot.test.context.SpringBootContextLoader', parent = [null]], attributes = map['org.springframework.test.context.web.ServletTestExecutionListener.activateListener' -> true]], class annotated with @DirtiesContext [false] with mode [null].

  .   ____          _            __ _ _
 /\\ / ___'_ __ _ _(_)_ __  __ _ \ \ \ \
( ( )\___ | '_ | '_| | '_ \/ _` | \ \ \ \
 \\/  ___)| |_)| | | | | || (_| |  ) ) ) )
  '  |____| .__|_| |_|_| |_\__, | / / / /
 =========|_|==============|___/=/_/_/_/
 :: Spring Boot ::                (v2.7.4)

2022-12-05 04:05:51.204  INFO 26196 --- [    Test worker] c.e.server.EasyserverApplicationTests    : Starting EasyserverApplicationTests using Java 17.0.5 on BeyazPolis with PID 26196 (started by ctekn in C:\Projeler\server)
2022-12-05 04:05:51.205  INFO 26196 --- [    Test worker] c.e.server.EasyserverApplicationTests    : No active profile set, falling back to 1 default profile: "default"
2022-12-05 04:05:51.659  INFO 26196 --- [    Test worker] .s.d.r.c.RepositoryConfigurationDelegate : Bootstrapping Spring Data MongoDB repositories in DEFAULT mode.
2022-12-05 04:05:51.700  INFO 26196 --- [    Test worker] .s.d.r.c.RepositoryConfigurationDelegate : Finished Spring Data repository scanning in 37 ms. Found 1 MongoDB repository interfaces.
2022-12-05 04:05:52.133  INFO 26196 --- [    Test worker] org.mongodb.driver.client                : MongoClient with metadata {"driver": {"name": "mongo-java-driver|sync|spring-boot", "version": "4.6.1"}, "os": {"type": "Windows", "name": "Windows 11", "architecture": "amd64", "version": "10.0"}, "platform": "Java/Oracle Corporation/17.0.5+9-LTS-191"} created with settings MongoClientSettings{readPreference=primary, writeConcern=WriteConcern{w=null, wTimeout=null ms, journal=null}, retryWrites=true, retryReads=true, readConcern=ReadConcern{level=null}, credential=null, streamFactoryFactory=null, commandListeners=[], codecRegistry=ProvidersCodecRegistry{codecProviders=[ValueCodecProvider{}, BsonValueCodecProvider{}, DBRefCodecProvider{}, DBObjectCodecProvider{}, DocumentCodecProvider{}, IterableCodecProvider{}, MapCodecProvider{}, GeoJsonCodecProvider{}, GridFSFileCodecProvider{}, Jsr310CodecProvider{}, JsonObjectCodecProvider{}, BsonCodecProvider{}, EnumCodecProvider{}, com.mongodb.Jep395RecordCodecProvider@5529ff44]}, clusterSettings={hosts=[localhost:27017], srvServiceName=mongodb, mode=SINGLE, requiredClusterType=UNKNOWN, requiredReplicaSetName='null', serverSelector='null', clusterListeners='[]', serverSelectionTimeout='30000 ms', localThreshold='30000 ms'}, socketSettings=SocketSettings{connectTimeoutMS=10000, readTimeoutMS=0, receiveBufferSize=0, sendBufferSize=0}, heartbeatSocketSettings=SocketSettings{connectTimeoutMS=10000, readTimeoutMS=10000, receiveBufferSize=0, sendBufferSize=0}, connectionPoolSettings=ConnectionPoolSettings{maxSize=100, minSize=0, maxWaitTimeMS=120000, maxConnectionLifeTimeMS=0, maxConnectionIdleTimeMS=0, maintenanceInitialDelayMS=0, maintenanceFrequencyMS=60000, connectionPoolListeners=[], maxConnecting=2}, serverSettings=ServerSettings{heartbeatFrequencyMS=10000, minHeartbeatFrequencyMS=500, serverListeners='[]', serverMonitorListeners='[]'}, sslSettings=SslSettings{enabled=false, invalidHostNameAllowed=false, context=null}, applicationName='null', compressorList=[], uuidRepresentation=JAVA_LEGACY, serverApi=null, autoEncryptionSettings=null, contextProvider=null}
2022-12-05 04:05:52.143  INFO 26196 --- [localhost:27017] org.mongodb.driver.connection            : Opened connection [connectionId{localValue:1, serverValue:952}] to localhost:27017
2022-12-05 04:05:52.143  INFO 26196 --- [localhost:27017] org.mongodb.driver.connection            : Opened connection [connectionId{localValue:2, serverValue:953}] to localhost:27017
2022-12-05 04:05:52.143  INFO 26196 --- [localhost:27017] org.mongodb.driver.cluster               : Monitor thread successfully connected to server with description ServerDescription{address=localhost:27017, type=STANDALONE, state=CONNECTED, ok=true, minWireVersion=0, maxWireVersion=17, maxDocumentSize=16777216, logicalSessionTimeoutMinutes=30, roundTripTimeNanos=19066300}
2022-12-05 04:05:52.764  INFO 26196 --- [    Test worker] o.s.s.web.DefaultSecurityFilterChain     : Will secure any request with [org.springframework.security.web.session.DisableEncodeUrlFilter@a056b26, org.springframework.security.web.context.request.async.WebAsyncManagerIntegrationFilter@2a5abd3c, org.springframework.security.web.context.SecurityContextPersistenceFilter@10a907ec, org.springframework.security.web.header.HeaderWriterFilter@33bdd01, org.springframework.security.web.authentication.logout.LogoutFilter@4e974b9e, com.easycraft.server.security.filter.CustomAuthenticationFilter@250967f1, com.easycraft.server.security.filter.CustomAuthorizationFilter@25c1f5ee, org.springframework.security.web.savedrequest.RequestCacheAwareFilter@49cc9b2a, org.springframework.security.web.servletapi.SecurityContextHolderAwareRequestFilter@6c5ca0b6, org.springframework.security.web.authentication.AnonymousAuthenticationFilter@4bce62b, org.springframework.security.web.session.SessionManagementFilter@7af1d072, org.springframework.security.web.access.ExceptionTranslationFilter@4f213a2]
2022-12-05 04:05:53.502  INFO 26196 --- [    Test worker] c.e.server.EasyserverApplicationTests    : Started EasyserverApplicationTests in 2.496 seconds (JVM running for 3.398)
Application Started.
]]></system-out>
  <system-err><![CDATA[]]></system-err>
</testsuite>
